0 info it worked if it ends with ok
1 verbose cli [ 'node', '/usr/local/bin/npm', 'install', 'express-session' ]
2 info using npm@1.4.28
3 info using node@v0.10.32
4 verbose readDependencies using package.json deps
5 verbose cache add [ 'express-session@~0.0.1', null ]
6 verbose cache add name=undefined spec="express-session@~0.0.1" args=["express-session@~0.0.1",null]
7 verbose parsed url { protocol: null,
7 verbose parsed url   slashes: null,
7 verbose parsed url   auth: null,
7 verbose parsed url   host: null,
7 verbose parsed url   port: null,
7 verbose parsed url   hostname: null,
7 verbose parsed url   hash: null,
7 verbose parsed url   search: null,
7 verbose parsed url   query: null,
7 verbose parsed url   pathname: 'express-session@~0.0.1',
7 verbose parsed url   path: 'express-session@~0.0.1',
7 verbose parsed url   href: 'express-session@~0.0.1' }
8 verbose cache add name="express-session" spec="~0.0.1" args=["express-session","~0.0.1"]
9 verbose parsed url { protocol: null,
9 verbose parsed url   slashes: null,
9 verbose parsed url   auth: null,
9 verbose parsed url   host: null,
9 verbose parsed url   port: null,
9 verbose parsed url   hostname: null,
9 verbose parsed url   hash: null,
9 verbose parsed url   search: null,
9 verbose parsed url   query: null,
9 verbose parsed url   pathname: '~0.0.1',
9 verbose parsed url   path: '~0.0.1',
9 verbose parsed url   href: '~0.0.1' }
10 verbose addNamed [ 'express-session', '~0.0.1' ]
11 verbose addNamed [ null, '>=0.0.1-0 <0.1.0-0' ]
12 silly lockFile e8312426-express-session-0-0-1 express-session@~0.0.1
13 verbose lock express-session@~0.0.1 /Users/wliu/.npm/e8312426-express-session-0-0-1.lock
14 silly addNameRange { name: 'express-session',
14 silly addNameRange   range: '>=0.0.1-0 <0.1.0-0',
14 silly addNameRange   hasData: false }
15 verbose request where is /express-session
16 verbose request registry https://registry.npmjs.org/
17 verbose request id 59fc82156dd03665
18 verbose url raw /express-session
19 verbose url resolving [ 'https://registry.npmjs.org/', './express-session' ]
20 verbose url resolved https://registry.npmjs.org/express-session
21 verbose request where is https://registry.npmjs.org/express-session
22 info trying registry request attempt 1 at 12:22:58
23 verbose etag "6LWUNCNJY5S4813ZKVPB5ECNL"
24 http GET https://registry.npmjs.org/express-session
25 http 304 https://registry.npmjs.org/express-session
26 silly registry.get cb [ 304,
26 silly registry.get   { date: 'Tue, 16 Jun 2015 04:23:00 GMT',
26 silly registry.get     via: '1.1 varnish',
26 silly registry.get     'cache-control': 'max-age=60',
26 silly registry.get     etag: '"6LWUNCNJY5S4813ZKVPB5ECNL"',
26 silly registry.get     age: '0',
26 silly registry.get     connection: 'keep-alive',
26 silly registry.get     'x-served-by': 'cache-lax1421-LAX',
26 silly registry.get     'x-cache': 'HIT',
26 silly registry.get     'x-cache-hits': '1',
26 silly registry.get     'x-timer': 'S1434428580.983303,VS0,VE313',
26 silly registry.get     vary: 'Accept' } ]
27 verbose etag https://registry.npmjs.org/express-session from cache
28 silly addNameRange number 2 { name: 'express-session',
28 silly addNameRange   range: '>=0.0.1-0 <0.1.0-0',
28 silly addNameRange   hasData: true }
29 silly addNameRange versions [ 'express-session',
29 silly addNameRange   [ '1.0.0',
29 silly addNameRange     '1.0.1',
29 silly addNameRange     '1.0.2',
29 silly addNameRange     '1.0.3',
29 silly addNameRange     '1.0.4',
29 silly addNameRange     '1.1.0',
29 silly addNameRange     '1.2.0',
29 silly addNameRange     '1.2.1',
29 silly addNameRange     '1.3.0',
29 silly addNameRange     '1.3.1',
29 silly addNameRange     '1.4.0',
29 silly addNameRange     '1.5.0',
29 silly addNameRange     '1.5.1',
29 silly addNameRange     '1.5.2',
29 silly addNameRange     '1.6.0',
29 silly addNameRange     '1.6.1',
29 silly addNameRange     '1.6.2',
29 silly addNameRange     '1.6.3',
29 silly addNameRange     '1.6.4',
29 silly addNameRange     '1.6.5',
29 silly addNameRange     '1.7.0',
29 silly addNameRange     '1.7.1',
29 silly addNameRange     '1.7.2',
29 silly addNameRange     '1.7.3',
29 silly addNameRange     '1.7.4',
29 silly addNameRange     '1.7.5',
29 silly addNameRange     '1.7.6',
29 silly addNameRange     '1.8.0',
29 silly addNameRange     '1.8.1',
29 silly addNameRange     '1.8.2',
29 silly addNameRange     '1.9.0',
29 silly addNameRange     '1.9.1',
29 silly addNameRange     '1.9.2',
29 silly addNameRange     '1.9.3',
29 silly addNameRange     '1.10.0',
29 silly addNameRange     '1.10.1',
29 silly addNameRange     '1.10.2',
29 silly addNameRange     '1.10.3',
29 silly addNameRange     '1.10.4',
29 silly addNameRange     '1.11.0',
29 silly addNameRange     '1.11.1',
29 silly addNameRange     '1.11.2',
29 silly addNameRange     '1.11.3' ] ]
30 silly lockFile e8312426-express-session-0-0-1 express-session@~0.0.1
31 silly lockFile e8312426-express-session-0-0-1 express-session@~0.0.1
32 error notarget No compatible version found: express-session@'>=0.0.1-0 <0.1.0-0'
32 error notarget Valid install targets:
32 error notarget ["1.0.0","1.0.1","1.0.2","1.0.3","1.0.4","1.1.0","1.2.0","1.2.1","1.3.0","1.3.1","1.4.0","1.5.0","1.5.1","1.5.2","1.6.0","1.6.1","1.6.2","1.6.3","1.6.4","1.6.5","1.7.0","1.7.1","1.7.2","1.7.3","1.7.4","1.7.5","1.7.6","1.8.0","1.8.1","1.8.2","1.9.0","1.9.1","1.9.2","1.9.3","1.10.0","1.10.1","1.10.2","1.10.3","1.10.4","1.11.0","1.11.1","1.11.2","1.11.3"]
32 error notarget
32 error notarget This is most likely not a problem with npm itself.
32 error notarget In most cases you or one of your dependencies are requesting
32 error notarget a package version that doesn't exist.
33 error System Darwin 13.2.0
34 error command "node" "/usr/local/bin/npm" "install" "express-session"
35 error cwd /Users/wliu/Code/node.js/psychology-node
36 error node -v v0.10.32
37 error npm -v 1.4.28
38 error code ETARGET
39 verbose exit [ 1, true ]
